<?xml version="1.0" encoding="UTF-8"?>
<!-- Generated by org.testng.reporters.JUnitReportReporter -->
<testsuite hostname="AyushiLaptop" failures="0" tests="2" name="com.qa.tests.FlightRoundtrip" time="42.590" errors="0" timestamp="2021-01-21T13:44:26 IST" skipped="0">
  <testcase classname="com.qa.tests.FlightRoundtrip" name="searchFlightsRoundTrip" time="32.118"/>
  <system-out>
A list of flights is displayed  </system-out>
  <testcase classname="com.qa.tests.FlightRoundtrip" name="bookFlightsRoundTrip" time="10.472"/>
  <system-out/>
</testsuite> <!-- com.qa.tests.FlightRoundtrip -->
