<?xml version="1.0" encoding="UTF-8"?>
<!-- Generated by org.testng.reporters.JUnitReportReporter -->
<testsuite hostname="AyushiLaptop" failures="0" tests="2" name="com.qa.tests.FbSignInScripts" time="108.912" errors="0" timestamp="2021-01-21T13:44:26 IST" skipped="0">
  <testcase classname="com.qa.tests.FbSignInScripts" name="loginWithFb" time="50.722"/>
  <system-out>
Invalid FB credentials(Verified by reading the error message)  </system-out>
  <testcase classname="com.qa.tests.FbSignInScripts" name="loginWithFb" time="58.190"/>
  <system-out>
Valid FB credentials(Verified by reading the URL)  </system-out>
</testsuite> <!-- com.qa.tests.FbSignInScripts -->
