<?xml version="1.0" encoding="UTF-8"?>
<!-- Generated by org.testng.reporters.JUnitReportReporter -->
<testsuite hostname="AyushiLaptop" failures="0" tests="3" name="com.qa.tests.FlightOneway" time="86.454" errors="0" timestamp="2021-01-21T13:44:26 IST" skipped="0">
  <testcase classname="com.qa.tests.FlightOneway" name="searchFlightsoneway" time="12.117"/>
  <system-out>
Sorry, but we can't continue until you fix everything that's marked in RED  </system-out>
  <testcase classname="com.qa.tests.FlightOneway" name="searchFlightsoneway" time="7.546"/>
  <system-out>
Sorry, but we can't continue until you fix everything that's marked in RED  </system-out>
  <testcase classname="com.qa.tests.FlightOneway" name="bookFlightsoneway" time="66.791"/>
  <system-out/>
</testsuite> <!-- com.qa.tests.FlightOneway -->
