<?xml version="1.0" encoding="UTF-8"?>
<!-- Generated by org.testng.reporters.JUnitReportReporter -->
<testsuite hostname="AyushiLaptop" failures="0" tests="2" name="com.qa.tests.FbRegisterScripts" time="103.528" errors="0" timestamp="2021-01-21T13:44:26 IST" skipped="0">
  <testcase classname="com.qa.tests.FbRegisterScripts" name="signUpWithFb" time="29.666"/>
  <system-out>
FB registration Successful(Verified by reading URl)  </system-out>
  <testcase classname="com.qa.tests.FbRegisterScripts" name="signUpWithFb" time="73.862"/>
  <system-out>
Invalid FB credentials(Verified by reading the error message)  </system-out>
</testsuite> <!-- com.qa.tests.FbRegisterScripts -->
