<?xml version="1.0" encoding="UTF-8"?>
<!-- Generated by org.testng.reporters.JUnitReportReporter -->
<testsuite hostname="AyushiLaptop" failures="0" tests="2" name="com.qa.tests.SignInScripts" time="84.824" errors="0" timestamp="2021-01-21T13:44:26 IST" skipped="0">
  <testcase classname="com.qa.tests.SignInScripts" name="clearTripLogin" time="53.299"/>
  <system-out>
Invalid Clear Trip credentials(Verified by reading the error message)  </system-out>
  <testcase classname="com.qa.tests.SignInScripts" name="clearTripLogin" time="31.525"/>
  <system-out>
Invalid Clear Trip credentials(Verified by reading the error message)  </system-out>
</testsuite> <!-- com.qa.tests.SignInScripts -->
